<?xml version="1.0" encoding="UTF-8"?>
<!-- Generated by org.testng.reporters.JUnitXMLReporter -->
<testsuite ignored="0" hostname="DESKTOP-V9BC4H3" failures="1" tests="1" name="Surefire test" time="92.581" errors="0" timestamp="2023-02-13T19:33:44 IST">
  <testcase classname="com.store.tests.ProductPurchaseTest" name="yourStorePurchaseProduct" time="31.449">
    <failure type="java.io.FileNotFoundException" message="D:\Keyboard and mouse.txt (The system cannot find the file specified)">
      <![CDATA[java.io.FileNotFoundException: D:\Keyboard and mouse.txt (The system cannot find the file specified)
at java.base/java.io.FileInputStream.open0(Native Method)
at java.base/java.io.FileInputStream.open(FileInputStream.java:216)
at java.base/java.io.FileInputStream.<init>(FileInputStream.java:157)
at java.base/java.io.FileReader.<init>(FileReader.java:75)
at com.store.utils.EventUtil.textCopyAndPaste(EventUtil.java:330)
at com.store.pages.PurchaseProductPage.purchaseOrderData(PurchaseProductPage.java:94)
at com.store.tests.ProductPurchaseTest.yourStorePurchaseProduct(ProductPurchaseTest.java:50)
at java.base/java.util.ArrayList.forEach(ArrayList.java:1511)
... Removed 32 stack frames]]>
    </failure>
  </testcase> <!-- yourStorePurchaseProduct -->
</testsuite> <!-- Surefire test -->
