-------------------------------------------------------------------------------
Test set: com.store.tests.ProductPurchaseTest
-------------------------------------------------------------------------------
Tests run: 1, Failures: 1, Errors: 0, Skipped: 0, Time elapsed: 93.637 s <<< FAILURE! - in com.store.tests.ProductPurchaseTest
yourStorePurchaseProduct(com.store.tests.ProductPurchaseTest)  Time elapsed: 31.458 s  <<< FAILURE!
java.io.FileNotFoundException: D:\Keyboard and mouse.txt (The system cannot find the file specified)
	at com.store.tests.ProductPurchaseTest.yourStorePurchaseProduct(ProductPurchaseTest.java:50)

