<?xml version="1.0" encoding="UTF-8"?>
<testng-results ignored="0" total="1" passed="0" failed="1" skipped="0">
  <reporter-output>
  </reporter-output>
  <suite started-at="2023-02-13T19:32:11 IST" name="Surefire suite" finished-at="2023-02-13T19:33:44 IST" duration-ms="92581">
    <groups>
    </groups>
    <test started-at="2023-02-13T19:32:11 IST" name="Surefire test" finished-at="2023-02-13T19:33:44 IST" duration-ms="92581">
      <class name="com.store.tests.ProductPurchaseTest">
        <test-method is-config="true" signature="setUpExecution(java.lang.String)[pri:0, instance:com.store.tests.ProductPurchaseTest@66498326]" started-at="2023-02-13T19:32:11 IST" name="setUpExecution" finished-at="2023-02-13T19:32:11 IST" duration-ms="171" status="PASS">
          <params>
            <param index="0">
              <value is-null="true"/>
            </param>
          </params>
          <reporter-output>
          </reporter-output>
        </test-method> <!-- setUpExecution -->
        <test-method is-config="true" signature="setUpExecutions(java.lang.String)[pri:0, instance:com.store.tests.ProductPurchaseTest@66498326]" started-at="2023-02-13T19:32:11 IST" name="setUpExecutions" finished-at="2023-02-13T19:32:11 IST" duration-ms="118" status="PASS">
          <params>
            <param index="0">
              <value is-null="true"/>
            </param>
          </params>
          <reporter-output>
          </reporter-output>
        </test-method> <!-- setUpExecutions -->
        <test-method is-config="true" signature="initializeReport(org.testng.ITestContext)[pri:0, instance:com.store.tests.ProductPurchaseTest@66498326]" started-at="2023-02-13T19:32:11 IST" name="initializeReport" finished-at="2023-02-13T19:32:12 IST" duration-ms="614" status="PASS">
          <params>
            <param index="0">
              <value>
                <![CDATA[org.testng.TestRunner@21b51e59]]>
              </value>
            </param>
          </params>
          <reporter-output>
          </reporter-output>
        </test-method> <!-- initializeReport -->
        <test-method is-config="true" signature="intializeTest(java.lang.String,java.lang.reflect.Method,org.testng.ITestContext)[pri:0, instance:com.store.tests.ProductPurchaseTest@66498326]" started-at="2023-02-13T19:32:12 IST" name="intializeTest" finished-at="2023-02-13T19:33:11 IST" duration-ms="59601" status="PASS">
          <params>
            <param index="0">
              <value is-null="true"/>
            </param>
            <param index="1">
              <value>
                <![CDATA[public void com.store.tests.ProductPurchaseTest.yourStorePurchaseProduct() throws java.awt.AWTException,java.io.IOException]]>
              </value>
            </param>
            <param index="2">
              <value>
                <![CDATA[org.testng.TestRunner@21b51e59]]>
              </value>
            </param>
          </params>
          <reporter-output>
          </reporter-output>
        </test-method> <!-- intializeTest -->
        <test-method is-config="true" signature="setUpPages()[pri:0, instance:com.store.tests.ProductPurchaseTest@66498326]" started-at="2023-02-13T19:33:12 IST" name="setUpPages" finished-at="2023-02-13T19:33:12 IST" duration-ms="61" status="PASS">
          <reporter-output>
          </reporter-output>
        </test-method> <!-- setUpPages -->
        <test-method signature="yourStorePurchaseProduct()[pri:0, instance:com.store.tests.ProductPurchaseTest@66498326]" started-at="2023-02-13T19:33:12 IST" name="yourStorePurchaseProduct" finished-at="2023-02-13T19:33:43 IST" duration-ms="31449" status="FAIL">
          <exception class="java.io.FileNotFoundException">
            <message>
              <![CDATA[D:\Keyboard and mouse.txt (The system cannot find the file specified)]]>
            </message>
            <full-stacktrace>
              <![CDATA[java.io.FileNotFoundException: D:\Keyboard and mouse.txt (The system cannot find the file specified)
at java.base/java.io.FileInputStream.open0(Native Method)
at java.base/java.io.FileInputStream.open(FileInputStream.java:216)
at java.base/java.io.FileInputStream.<init>(FileInputStream.java:157)
at java.base/java.io.FileReader.<init>(FileReader.java:75)
at com.store.utils.EventUtil.textCopyAndPaste(EventUtil.java:330)
at com.store.pages.PurchaseProductPage.purchaseOrderData(PurchaseProductPage.java:94)
at com.store.tests.ProductPurchaseTest.yourStorePurchaseProduct(ProductPurchaseTest.java:50)
at java.base/jdk.internal.reflect.NativeMethodAccessorImpl.invoke0(Native Method)
at java.base/jdk.internal.reflect.NativeMethodAccessorImpl.invoke(NativeMethodAccessorImpl.java:77)
at java.base/jdk.internal.reflect.DelegatingMethodAccessorImpl.invoke(DelegatingMethodAccessorImpl.java:43)
at java.base/java.lang.reflect.Method.invoke(Method.java:568)
at org.testng.internal.invokers.MethodInvocationHelper.invokeMethod(MethodInvocationHelper.java:139)
at org.testng.internal.invokers.TestInvoker.invokeMethod(TestInvoker.java:677)
at org.testng.internal.invokers.TestInvoker.invokeTestMethod(TestInvoker.java:221)
at org.testng.internal.invokers.MethodRunner.runInSequence(MethodRunner.java:50)
at org.testng.internal.invokers.TestInvoker$MethodInvocationAgent.invoke(TestInvoker.java:962)
at org.testng.internal.invokers.TestInvoker.invokeTestMethods(TestInvoker.java:194)
at org.testng.internal.invokers.TestMethodWorker.invokeTestMethods(TestMethodWorker.java:148)
at org.testng.internal.invokers.TestMethodWorker.run(TestMethodWorker.java:128)
at java.base/java.util.ArrayList.forEach(ArrayList.java:1511)
at org.testng.TestRunner.privateRun(TestRunner.java:806)
at org.testng.TestRunner.run(TestRunner.java:601)
at org.testng.SuiteRunner.runTest(SuiteRunner.java:433)
at org.testng.SuiteRunner.runSequentially(SuiteRunner.java:427)
at org.testng.SuiteRunner.privateRun(SuiteRunner.java:387)
at org.testng.SuiteRunner.run(SuiteRunner.java:330)
at org.testng.SuiteRunnerWorker.runSuite(SuiteRunnerWorker.java:52)
at org.testng.SuiteRunnerWorker.run(SuiteRunnerWorker.java:95)
at org.testng.TestNG.runSuitesSequentially(TestNG.java:1256)
at org.testng.TestNG.runSuitesLocally(TestNG.java:1176)
at org.testng.TestNG.runSuites(TestNG.java:1099)
at org.testng.TestNG.run(TestNG.java:1067)
at org.apache.maven.surefire.testng.TestNGExecutor.run(TestNGExecutor.java:135)
at org.apache.maven.surefire.testng.TestNGDirectoryTestSuite.executeSingleClass(TestNGDirectoryTestSuite.java:112)
at org.apache.maven.surefire.testng.TestNGDirectoryTestSuite.execute(TestNGDirectoryTestSuite.java:99)
at org.apache.maven.surefire.testng.TestNGProvider.invoke(TestNGProvider.java:146)
at org.apache.maven.surefire.booter.ForkedBooter.invokeProviderInSameClassLoader(ForkedBooter.java:384)
at org.apache.maven.surefire.booter.ForkedBooter.runSuitesInProcess(ForkedBooter.java:345)
at org.apache.maven.surefire.booter.ForkedBooter.execute(ForkedBooter.java:126)
at org.apache.maven.surefire.booter.ForkedBooter.main(ForkedBooter.java:418)
]]>
            </full-stacktrace>
          </exception> <!-- java.io.FileNotFoundException -->
          <reporter-output>
          </reporter-output>
        </test-method> <!-- yourStorePurchaseProduct -->
        <test-method is-config="true" signature="afterMethod()[pri:0, instance:com.store.tests.ProductPurchaseTest@66498326]" started-at="2023-02-13T19:33:43 IST" name="afterMethod" finished-at="2023-02-13T19:33:43 IST" duration-ms="316" status="PASS">
          <reporter-output>
          </reporter-output>
        </test-method> <!-- afterMethod -->
        <test-method is-config="true" signature="finalizeExecution()[pri:0, instance:com.store.tests.ProductPurchaseTest@66498326]" started-at="2023-02-13T19:33:43 IST" name="finalizeExecution" finished-at="2023-02-13T19:33:44 IST" duration-ms="479" status="PASS">
          <reporter-output>
          </reporter-output>
        </test-method> <!-- finalizeExecution -->
      </class> <!-- com.store.tests.ProductPurchaseTest -->
    </test> <!-- Surefire test -->
  </suite> <!-- Surefire suite -->
</testng-results>
