<?xml version="1.0" encoding="UTF-8"?>
<testsuite xmlns:xsi="http://www.w3.org/2001/XMLSchema-instance" xsi:noNamespaceSchemaLocation="https://maven.apache.org/surefire/maven-surefire-plugin/xsd/surefire-test-report.xsd" name="com.store.tests.ProductPurchaseTest" time="93.637" tests="1" errors="0" skipped="0" failures="1">
  <properties>
[...]
</properties>
  <testcase name="yourStorePurchaseProduct" classname="com.store.tests.ProductPurchaseTest" time="31.458">
    <failure message="D:\Keyboard and mouse.txt (The system cannot find the file specified)" type="java.io.FileNotFoundException">java.io.FileNotFoundException: D:\Keyboard and mouse.txt (The system cannot find the file specified)
	at com.store.tests.ProductPurchaseTest.yourStorePurchaseProduct(ProductPurchaseTest.java:50)
</failure>
    <system-out><![CDATA[FileReader =java.io.FileReader@1de76cc7
Filepath C:\Users\LENOVO\Downloads\YourStore\YourStore\src\test\resources\Config\\EnvInfo_QA.properties
FileReader =java.io.FileReader@5b03b9fe
Filepath C:\Users\LENOVO\Downloads\YourStore\YourStore\src\test\resources\DataFiles\ProductData_QA.properties
{browser=edge, landingPage=http://tutorialsninja.com/demo/, url=http://tutorialsninja.com/demo/}
]]></system-out>
    <system-err><![CDATA[SLF4J: Failed to load class "org.slf4j.impl.StaticLoggerBinder".
SLF4J: Defaulting to no-operation (NOP) logger implementation
SLF4J: See http://www.slf4j.org/codes.html#StaticLoggerBinder for further details.
ERROR StatusLogger Log4j2 could not find a logging implementation. Please add log4j-core to the classpath. Using SimpleLogger to log to the console...
Starting Microsoft Edge WebDriver 110.0.1587.41 (dec2c0803210602702555b3ee7cdbf59c9a7eb17) on port 61827
To submit feedback, report a bug, or suggest new features, please visit https://github.com/MicrosoftEdge/EdgeWebDriver

Only local connections are allowed.
Please see https://aka.ms/WebDriverSecurity for suggestions on keeping Microsoft Edge WebDriver safe.

Microsoft Edge WebDriver was started successfully.
[1676296985.655][WARNING]: virtual void DevToolsClientImpl::AddListener(DevToolsEventListener *) subscribing a listener to the already connected DevToolsClient. Connection notification will not arrive.
Feb 13, 2023 7:33:05 PM org.openqa.selenium.remote.ProtocolHandshake createSession
INFO: Detected upstream dialect: W3C
Feb 13, 2023 7:33:06 PM org.openqa.selenium.devtools.CdpVersionFinder findNearestMatch
WARNING: Unable to find an exact match for CDP version 110, so returning the closest version found: a no-op implementation
Feb 13, 2023 7:33:06 PM org.openqa.selenium.devtools.CdpVersionFinder findNearestMatch
INFO: Unable to find CDP implementation matching 110.
Feb 13, 2023 7:33:06 PM org.openqa.selenium.chromium.ChromiumDriver lambda$new$3
WARNING: Unable to find version of CDP to use for . You may need to include a dependency on a specific version of the CDP using something similar to `org.seleniumhq.selenium:selenium-devtools-v86:4.4.0` where the version ("v86") matches the version of the chromium-based browser you're using and the version number of the artifact is the same as Selenium's.
]]></system-err>
  </testcase>
</testsuite>