<?xml version="1.0" encoding="UTF-8"?>
<testng-results ignored="0" total="1" passed="1" failed="0" skipped="0">
  <reporter-output>
  </reporter-output>
  <suite started-at="2023-02-13T11:29:56 IST" name="Default suite" finished-at="2023-02-13T11:30:57 IST" duration-ms="61425">
    <groups>
    </groups>
    <test started-at="2023-02-13T11:29:56 IST" name="Default test" finished-at="2023-02-13T11:30:57 IST" duration-ms="61425">
      <class name="com.store.tests.ProductPurchaseTest">
        <test-method is-config="true" signature="setUpExecution(java.lang.String)[pri:0, instance:com.store.tests.ProductPurchaseTest@62379589]" started-at="2023-02-13T11:29:56 IST" name="setUpExecution" finished-at="2023-02-13T11:29:56 IST" duration-ms="60" status="PASS">
          <params>
            <param index="0">
              <value is-null="true"/>
            </param>
          </params>
          <reporter-output>
          </reporter-output>
        </test-method> <!-- setUpExecution -->
        <test-method is-config="true" signature="setUpExecutions(java.lang.String)[pri:0, instance:com.store.tests.ProductPurchaseTest@62379589]" started-at="2023-02-13T11:29:56 IST" name="setUpExecutions" finished-at="2023-02-13T11:29:56 IST" duration-ms="43" status="PASS">
          <params>
            <param index="0">
              <value is-null="true"/>
            </param>
          </params>
          <reporter-output>
          </reporter-output>
        </test-method> <!-- setUpExecutions -->
        <test-method is-config="true" signature="initializeReport(org.testng.ITestContext)[pri:0, instance:com.store.tests.ProductPurchaseTest@62379589]" started-at="2023-02-13T11:29:56 IST" name="initializeReport" finished-at="2023-02-13T11:29:56 IST" duration-ms="335" status="PASS">
          <params>
            <param index="0">
              <value>
                <![CDATA[org.testng.TestRunner@21390938]]>
              </value>
            </param>
          </params>
          <reporter-output>
          </reporter-output>
        </test-method> <!-- initializeReport -->
        <test-method is-config="true" signature="intializeTest(java.lang.String,java.lang.reflect.Method,org.testng.ITestContext)[pri:0, instance:com.store.tests.ProductPurchaseTest@62379589]" started-at="2023-02-13T11:29:56 IST" name="intializeTest" finished-at="2023-02-13T11:30:00 IST" duration-ms="3843" status="PASS">
          <params>
            <param index="0">
              <value is-null="true"/>
            </param>
            <param index="1">
              <value>
                <![CDATA[public void com.store.tests.ProductPurchaseTest.yourStorePurchaseProduct() throws java.awt.AWTException,java.io.IOException]]>
              </value>
            </param>
            <param index="2">
              <value>
                <![CDATA[org.testng.TestRunner@21390938]]>
              </value>
            </param>
          </params>
          <reporter-output>
          </reporter-output>
        </test-method> <!-- intializeTest -->
        <test-method is-config="true" signature="setUpPages()[pri:0, instance:com.store.tests.ProductPurchaseTest@62379589]" started-at="2023-02-13T11:30:00 IST" name="setUpPages" finished-at="2023-02-13T11:30:00 IST" duration-ms="19" status="PASS">
          <reporter-output>
          </reporter-output>
        </test-method> <!-- setUpPages -->
        <test-method signature="yourStorePurchaseProduct()[pri:0, instance:com.store.tests.ProductPurchaseTest@62379589]" started-at="2023-02-13T11:30:00 IST" name="yourStorePurchaseProduct" finished-at="2023-02-13T11:30:56 IST" duration-ms="56329" status="PASS">
          <reporter-output>
          </reporter-output>
        </test-method> <!-- yourStorePurchaseProduct -->
        <test-method is-config="true" signature="afterMethod()[pri:0, instance:com.store.tests.ProductPurchaseTest@62379589]" started-at="2023-02-13T11:30:56 IST" name="afterMethod" finished-at="2023-02-13T11:30:57 IST" duration-ms="350" status="PASS">
          <reporter-output>
          </reporter-output>
        </test-method> <!-- afterMethod -->
        <test-method is-config="true" signature="finalizeExecution()[pri:0, instance:com.store.tests.ProductPurchaseTest@62379589]" started-at="2023-02-13T11:30:57 IST" name="finalizeExecution" finished-at="2023-02-13T11:30:57 IST" duration-ms="522" status="PASS">
          <reporter-output>
          </reporter-output>
        </test-method> <!-- finalizeExecution -->
      </class> <!-- com.store.tests.ProductPurchaseTest -->
    </test> <!-- Default test -->
  </suite> <!-- Default suite -->
</testng-results>
